{"/Users/andeladeveloper/Desktop/turing_test/src/client/api.js": {"path":"/Users/andeladeveloper/Desktop/turing_test/src/client/api.js","statementMap":{"0":{"start":{"line":3,"column":17},"end":{"line":3,"column":23}},"1":{"start":{"line":7,"column":27},"end":{"line":11,"column":37}},"2":{"start":{"line":11,"column":19},"end":{"line":11,"column":36}},"3":{"start":{"line":13,"column":26},"end":{"line":17,"column":37}},"4":{"start":{"line":17,"column":19},"end":{"line":17,"column":36}},"5":{"start":{"line":19,"column":23},"end":{"line":20,"column":37}},"6":{"start":{"line":20,"column":19},"end":{"line":20,"column":36}},"7":{"start":{"line":23,"column":28},"end":{"line":24,"column":28}},"8":{"start":{"line":24,"column":19},"end":{"line":24,"column":27}},"9":{"start":{"line":26,"column":22},"end":{"line":27,"column":28}},"10":{"start":{"line":27,"column":19},"end":{"line":27,"column":27}},"11":{"start":{"line":30,"column":27},"end":{"line":31,"column":28}},"12":{"start":{"line":31,"column":19},"end":{"line":31,"column":27}},"13":{"start":{"line":34,"column":28},"end":{"line":35,"column":28}},"14":{"start":{"line":35,"column":19},"end":{"line":35,"column":27}},"15":{"start":{"line":38,"column":29},"end":{"line":42,"column":28}},"16":{"start":{"line":42,"column":19},"end":{"line":42,"column":27}},"17":{"start":{"line":45,"column":28},"end":{"line":46,"column":28}},"18":{"start":{"line":46,"column":19},"end":{"line":46,"column":27}},"19":{"start":{"line":49,"column":35},"end":{"line":53,"column":28}},"20":{"start":{"line":53,"column":19},"end":{"line":53,"column":27}},"21":{"start":{"line":55,"column":23},"end":{"line":56,"column":28}},"22":{"start":{"line":56,"column":19},"end":{"line":56,"column":27}},"23":{"start":{"line":58,"column":50},"end":{"line":62,"column":28}},"24":{"start":{"line":62,"column":19},"end":{"line":62,"column":27}},"25":{"start":{"line":64,"column":39},"end":{"line":65,"column":28}},"26":{"start":{"line":65,"column":19},"end":{"line":65,"column":27}},"27":{"start":{"line":67,"column":37},"end":{"line":68,"column":28}},"28":{"start":{"line":68,"column":19},"end":{"line":68,"column":27}}},"fnMap":{"0":{"name":"(anonymous_0)","decl":{"start":{"line":7,"column":12},"end":{"line":7,"column":13}},"loc":{"start":{"line":7,"column":27},"end":{"line":11,"column":37}},"line":7},"1":{"name":"(anonymous_1)","decl":{"start":{"line":11,"column":12},"end":{"line":11,"column":13}},"loc":{"start":{"line":11,"column":19},"end":{"line":11,"column":36}},"line":11},"2":{"name":"(anonymous_2)","decl":{"start":{"line":13,"column":11},"end":{"line":13,"column":12}},"loc":{"start":{"line":13,"column":26},"end":{"line":17,"column":37}},"line":13},"3":{"name":"(anonymous_3)","decl":{"start":{"line":17,"column":12},"end":{"line":17,"column":13}},"loc":{"start":{"line":17,"column":19},"end":{"line":17,"column":36}},"line":17},"4":{"name":"(anonymous_4)","decl":{"start":{"line":19,"column":17},"end":{"line":19,"column":18}},"loc":{"start":{"line":19,"column":23},"end":{"line":20,"column":37}},"line":19},"5":{"name":"(anonymous_5)","decl":{"start":{"line":20,"column":12},"end":{"line":20,"column":13}},"loc":{"start":{"line":20,"column":19},"end":{"line":20,"column":36}},"line":20},"6":{"name":"(anonymous_6)","decl":{"start":{"line":23,"column":19},"end":{"line":23,"column":20}},"loc":{"start":{"line":23,"column":28},"end":{"line":24,"column":28}},"line":23},"7":{"name":"(anonymous_7)","decl":{"start":{"line":24,"column":12},"end":{"line":24,"column":13}},"loc":{"start":{"line":24,"column":19},"end":{"line":24,"column":27}},"line":24},"8":{"name":"(anonymous_8)","decl":{"start":{"line":26,"column":16},"end":{"line":26,"column":17}},"loc":{"start":{"line":26,"column":22},"end":{"line":27,"column":28}},"line":26},"9":{"name":"(anonymous_9)","decl":{"start":{"line":27,"column":12},"end":{"line":27,"column":13}},"loc":{"start":{"line":27,"column":19},"end":{"line":27,"column":27}},"line":27},"10":{"name":"(anonymous_10)","decl":{"start":{"line":30,"column":21},"end":{"line":30,"column":22}},"loc":{"start":{"line":30,"column":27},"end":{"line":31,"column":28}},"line":30},"11":{"name":"(anonymous_11)","decl":{"start":{"line":31,"column":12},"end":{"line":31,"column":13}},"loc":{"start":{"line":31,"column":19},"end":{"line":31,"column":27}},"line":31},"12":{"name":"(anonymous_12)","decl":{"start":{"line":34,"column":22},"end":{"line":34,"column":23}},"loc":{"start":{"line":34,"column":28},"end":{"line":35,"column":28}},"line":34},"13":{"name":"(anonymous_13)","decl":{"start":{"line":35,"column":12},"end":{"line":35,"column":13}},"loc":{"start":{"line":35,"column":19},"end":{"line":35,"column":27}},"line":35},"14":{"name":"(anonymous_14)","decl":{"start":{"line":38,"column":14},"end":{"line":38,"column":15}},"loc":{"start":{"line":38,"column":29},"end":{"line":42,"column":28}},"line":38},"15":{"name":"(anonymous_15)","decl":{"start":{"line":42,"column":12},"end":{"line":42,"column":13}},"loc":{"start":{"line":42,"column":19},"end":{"line":42,"column":27}},"line":42},"16":{"name":"(anonymous_16)","decl":{"start":{"line":45,"column":22},"end":{"line":45,"column":23}},"loc":{"start":{"line":45,"column":28},"end":{"line":46,"column":28}},"line":45},"17":{"name":"(anonymous_17)","decl":{"start":{"line":46,"column":12},"end":{"line":46,"column":13}},"loc":{"start":{"line":46,"column":19},"end":{"line":46,"column":27}},"line":46},"18":{"name":"(anonymous_18)","decl":{"start":{"line":49,"column":20},"end":{"line":49,"column":21}},"loc":{"start":{"line":49,"column":35},"end":{"line":53,"column":28}},"line":49},"19":{"name":"(anonymous_19)","decl":{"start":{"line":53,"column":12},"end":{"line":53,"column":13}},"loc":{"start":{"line":53,"column":19},"end":{"line":53,"column":27}},"line":53},"20":{"name":"(anonymous_20)","decl":{"start":{"line":55,"column":13},"end":{"line":55,"column":14}},"loc":{"start":{"line":55,"column":23},"end":{"line":56,"column":28}},"line":55},"21":{"name":"(anonymous_21)","decl":{"start":{"line":56,"column":12},"end":{"line":56,"column":13}},"loc":{"start":{"line":56,"column":19},"end":{"line":56,"column":27}},"line":56},"22":{"name":"(anonymous_22)","decl":{"start":{"line":58,"column":25},"end":{"line":58,"column":26}},"loc":{"start":{"line":58,"column":50},"end":{"line":62,"column":28}},"line":58},"23":{"name":"(anonymous_23)","decl":{"start":{"line":62,"column":12},"end":{"line":62,"column":13}},"loc":{"start":{"line":62,"column":19},"end":{"line":62,"column":27}},"line":62},"24":{"name":"(anonymous_24)","decl":{"start":{"line":64,"column":19},"end":{"line":64,"column":20}},"loc":{"start":{"line":64,"column":39},"end":{"line":65,"column":28}},"line":64},"25":{"name":"(anonymous_25)","decl":{"start":{"line":65,"column":12},"end":{"line":65,"column":13}},"loc":{"start":{"line":65,"column":19},"end":{"line":65,"column":27}},"line":65},"26":{"name":"(anonymous_26)","decl":{"start":{"line":67,"column":27},"end":{"line":67,"column":28}},"loc":{"start":{"line":67,"column":37},"end":{"line":68,"column":28}},"line":67},"27":{"name":"(anonymous_27)","decl":{"start":{"line":68,"column":12},"end":{"line":68,"column":13}},"loc":{"start":{"line":68,"column":19},"end":{"line":68,"column":27}},"line":68}},"branchMap":{},"s":{"0":2,"1":2,"2":1,"3":2,"4":1,"5":1,"6":1,"7":0,"8":0,"9":0,"10":0,"11":0,"12":0,"13":0,"14":0,"15":0,"16":0,"17":0,"18":0,"19":0,"20":0,"21":0,"22":0,"23":0,"24":0,"25":0,"26":0,"27":0,"28":0},"f":{"0":2,"1":1,"2":2,"3":1,"4":1,"5":1,"6":0,"7":0,"8":0,"9":0,"10":0,"11":0,"12":0,"13":0,"14":0,"15":0,"16":0,"17":0,"18":0,"19":0,"20":0,"21":0,"22":0,"23":0,"24":0,"25":0,"26":0,"27":0},"b":{},"_coverageSchema":"43e27e138ebf9cfc5966b082cf9a028302ed4184","hash":"78c2bf1e8f67a89bdd405c6499fa62ebe18d73bd"}
,"/Users/andeladeveloper/Desktop/turing_test/src/client/constants.js": {"path":"/Users/andeladeveloper/Desktop/turing_test/src/client/constants.js","statementMap":{"0":{"start":{"line":1,"column":24},"end":{"line":1,"column":34}},"1":{"start":{"line":2,"column":24},"end":{"line":2,"column":34}},"2":{"start":{"line":3,"column":26},"end":{"line":3,"column":38}},"3":{"start":{"line":4,"column":27},"end":{"line":4,"column":40}},"4":{"start":{"line":5,"column":28},"end":{"line":5,"column":42}},"5":{"start":{"line":6,"column":30},"end":{"line":6,"column":46}},"6":{"start":{"line":7,"column":30},"end":{"line":7,"column":46}},"7":{"start":{"line":8,"column":30},"end":{"line":8,"column":46}},"8":{"start":{"line":9,"column":31},"end":{"line":9,"column":48}},"9":{"start":{"line":10,"column":31},"end":{"line":10,"column":48}},"10":{"start":{"line":11,"column":34},"end":{"line":11,"column":54}},"11":{"start":{"line":12,"column":34},"end":{"line":12,"column":54}},"12":{"start":{"line":13,"column":34},"end":{"line":13,"column":54}},"13":{"start":{"line":14,"column":34},"end":{"line":14,"column":54}}},"fnMap":{},"branchMap":{},"s":{"0":3,"1":3,"2":3,"3":3,"4":3,"5":3,"6":3,"7":3,"8":3,"9":3,"10":3,"11":3,"12":3,"13":3},"f":{},"b":{},"_coverageSchema":"43e27e138ebf9cfc5966b082cf9a028302ed4184","hash":"225de06c4152f0e9481a4e898c92e5ff11b990df"}
,"/Users/andeladeveloper/Desktop/turing_test/src/client/actions/auth.js": {"path":"/Users/andeladeveloper/Desktop/turing_test/src/client/actions/auth.js","statementMap":{"0":{"start":{"line":19,"column":22},"end":{"line":36,"column":1}},"1":{"start":{"line":19,"column":46},"end":{"line":36,"column":1}},"2":{"start":{"line":20,"column":2},"end":{"line":20,"column":48}},"3":{"start":{"line":22,"column":2},"end":{"line":35,"column":7}},"4":{"start":{"line":25,"column":24},"end":{"line":25,"column":32}},"5":{"start":{"line":26,"column":6},"end":{"line":26,"column":51}},"6":{"start":{"line":27,"column":6},"end":{"line":27,"column":26}},"7":{"start":{"line":28,"column":6},"end":{"line":28,"column":60}},"8":{"start":{"line":29,"column":6},"end":{"line":29,"column":53}},"9":{"start":{"line":30,"column":6},"end":{"line":30,"column":30}},"10":{"start":{"line":33,"column":6},"end":{"line":33,"column":85}},"11":{"start":{"line":34,"column":6},"end":{"line":34,"column":53}},"12":{"start":{"line":38,"column":21},"end":{"line":55,"column":1}},"13":{"start":{"line":38,"column":45},"end":{"line":55,"column":1}},"14":{"start":{"line":39,"column":2},"end":{"line":39,"column":48}},"15":{"start":{"line":41,"column":2},"end":{"line":54,"column":7}},"16":{"start":{"line":44,"column":24},"end":{"line":44,"column":32}},"17":{"start":{"line":45,"column":6},"end":{"line":45,"column":51}},"18":{"start":{"line":46,"column":6},"end":{"line":46,"column":26}},"19":{"start":{"line":47,"column":6},"end":{"line":47,"column":60}},"20":{"start":{"line":48,"column":6},"end":{"line":48,"column":53}},"21":{"start":{"line":49,"column":6},"end":{"line":49,"column":30}},"22":{"start":{"line":52,"column":6},"end":{"line":52,"column":85}},"23":{"start":{"line":53,"column":6},"end":{"line":53,"column":53}},"24":{"start":{"line":57,"column":27},"end":{"line":63,"column":1}},"25":{"start":{"line":57,"column":33},"end":{"line":63,"column":1}},"26":{"start":{"line":58,"column":2},"end":{"line":62,"column":6}},"27":{"start":{"line":61,"column":6},"end":{"line":61,"column":64}},"28":{"start":{"line":65,"column":22},"end":{"line":72,"column":1}},"29":{"start":{"line":65,"column":28},"end":{"line":72,"column":1}},"30":{"start":{"line":66,"column":2},"end":{"line":66,"column":43}},"31":{"start":{"line":67,"column":2},"end":{"line":67,"column":17}},"32":{"start":{"line":68,"column":2},"end":{"line":71,"column":5}}},"fnMap":{"0":{"name":"(anonymous_0)","decl":{"start":{"line":19,"column":22},"end":{"line":19,"column":23}},"loc":{"start":{"line":19,"column":46},"end":{"line":36,"column":1}},"line":19},"1":{"name":"(anonymous_1)","decl":{"start":{"line":19,"column":46},"end":{"line":19,"column":47}},"loc":{"start":{"line":19,"column":60},"end":{"line":36,"column":1}},"line":19},"2":{"name":"(anonymous_2)","decl":{"start":{"line":24,"column":10},"end":{"line":24,"column":11}},"loc":{"start":{"line":24,"column":24},"end":{"line":31,"column":5}},"line":24},"3":{"name":"(anonymous_3)","decl":{"start":{"line":32,"column":11},"end":{"line":32,"column":12}},"loc":{"start":{"line":32,"column":22},"end":{"line":35,"column":5}},"line":32},"4":{"name":"(anonymous_4)","decl":{"start":{"line":38,"column":21},"end":{"line":38,"column":22}},"loc":{"start":{"line":38,"column":45},"end":{"line":55,"column":1}},"line":38},"5":{"name":"(anonymous_5)","decl":{"start":{"line":38,"column":45},"end":{"line":38,"column":46}},"loc":{"start":{"line":38,"column":59},"end":{"line":55,"column":1}},"line":38},"6":{"name":"(anonymous_6)","decl":{"start":{"line":43,"column":10},"end":{"line":43,"column":11}},"loc":{"start":{"line":43,"column":24},"end":{"line":50,"column":5}},"line":43},"7":{"name":"(anonymous_7)","decl":{"start":{"line":51,"column":11},"end":{"line":51,"column":12}},"loc":{"start":{"line":51,"column":22},"end":{"line":54,"column":5}},"line":51},"8":{"name":"(anonymous_8)","decl":{"start":{"line":57,"column":27},"end":{"line":57,"column":28}},"loc":{"start":{"line":57,"column":33},"end":{"line":63,"column":1}},"line":57},"9":{"name":"(anonymous_9)","decl":{"start":{"line":57,"column":33},"end":{"line":57,"column":34}},"loc":{"start":{"line":58,"column":2},"end":{"line":62,"column":6}},"line":58},"10":{"name":"(anonymous_10)","decl":{"start":{"line":60,"column":10},"end":{"line":60,"column":11}},"loc":{"start":{"line":60,"column":24},"end":{"line":62,"column":5}},"line":60},"11":{"name":"(anonymous_11)","decl":{"start":{"line":65,"column":22},"end":{"line":65,"column":23}},"loc":{"start":{"line":65,"column":28},"end":{"line":72,"column":1}},"line":65},"12":{"name":"(anonymous_12)","decl":{"start":{"line":65,"column":28},"end":{"line":65,"column":29}},"loc":{"start":{"line":65,"column":42},"end":{"line":72,"column":1}},"line":65}},"branchMap":{},"s":{"0":2,"1":2,"2":2,"3":2,"4":1,"5":1,"6":1,"7":1,"8":1,"9":1,"10":1,"11":1,"12":2,"13":2,"14":2,"15":2,"16":1,"17":1,"18":1,"19":1,"20":1,"21":1,"22":1,"23":1,"24":2,"25":1,"26":1,"27":1,"28":2,"29":1,"30":1,"31":1,"32":1},"f":{"0":2,"1":2,"2":1,"3":1,"4":2,"5":2,"6":1,"7":1,"8":1,"9":1,"10":1,"11":1,"12":1},"b":{},"_coverageSchema":"43e27e138ebf9cfc5966b082cf9a028302ed4184","hash":"a8548ff32ea9bb0305fc78ae912250e45d4bc0b5"}
,"/Users/andeladeveloper/Desktop/turing_test/src/client/actions/cart.js": {"path":"/Users/andeladeveloper/Desktop/turing_test/src/client/actions/cart.js","statementMap":{"0":{"start":{"line":6,"column":25},"end":{"line":12,"column":1}},"1":{"start":{"line":6,"column":40},"end":{"line":12,"column":1}},"2":{"start":{"line":7,"column":2},"end":{"line":11,"column":6}},"3":{"start":{"line":10,"column":6},"end":{"line":10,"column":52}},"4":{"start":{"line":14,"column":28},"end":{"line":22,"column":1}},"5":{"start":{"line":14,"column":43},"end":{"line":22,"column":1}},"6":{"start":{"line":15,"column":21},"end":{"line":15,"column":33}},"7":{"start":{"line":17,"column":2},"end":{"line":21,"column":7}},"8":{"start":{"line":20,"column":6},"end":{"line":20,"column":52}},"9":{"start":{"line":24,"column":16},"end":{"line":32,"column":1}},"10":{"start":{"line":24,"column":22},"end":{"line":32,"column":1}},"11":{"start":{"line":25,"column":21},"end":{"line":25,"column":33}},"12":{"start":{"line":27,"column":2},"end":{"line":31,"column":7}},"13":{"start":{"line":30,"column":6},"end":{"line":30,"column":52}},"14":{"start":{"line":34,"column":30},"end":{"line":42,"column":1}},"15":{"start":{"line":34,"column":40},"end":{"line":42,"column":1}},"16":{"start":{"line":35,"column":21},"end":{"line":35,"column":33}},"17":{"start":{"line":37,"column":2},"end":{"line":41,"column":7}},"18":{"start":{"line":40,"column":6},"end":{"line":40,"column":52}},"19":{"start":{"line":44,"column":30},"end":{"line":53,"column":1}},"20":{"start":{"line":44,"column":36},"end":{"line":53,"column":1}},"21":{"start":{"line":45,"column":21},"end":{"line":45,"column":33}},"22":{"start":{"line":47,"column":2},"end":{"line":52,"column":7}},"23":{"start":{"line":50,"column":6},"end":{"line":50,"column":73}},"24":{"start":{"line":51,"column":6},"end":{"line":51,"column":52}}},"fnMap":{"0":{"name":"(anonymous_0)","decl":{"start":{"line":6,"column":25},"end":{"line":6,"column":26}},"loc":{"start":{"line":6,"column":40},"end":{"line":12,"column":1}},"line":6},"1":{"name":"(anonymous_1)","decl":{"start":{"line":6,"column":40},"end":{"line":6,"column":41}},"loc":{"start":{"line":7,"column":2},"end":{"line":11,"column":6}},"line":7},"2":{"name":"(anonymous_2)","decl":{"start":{"line":9,"column":10},"end":{"line":9,"column":11}},"loc":{"start":{"line":9,"column":22},"end":{"line":11,"column":5}},"line":9},"3":{"name":"(anonymous_3)","decl":{"start":{"line":14,"column":28},"end":{"line":14,"column":29}},"loc":{"start":{"line":14,"column":43},"end":{"line":22,"column":1}},"line":14},"4":{"name":"(anonymous_4)","decl":{"start":{"line":14,"column":43},"end":{"line":14,"column":44}},"loc":{"start":{"line":14,"column":57},"end":{"line":22,"column":1}},"line":14},"5":{"name":"(anonymous_5)","decl":{"start":{"line":19,"column":10},"end":{"line":19,"column":11}},"loc":{"start":{"line":19,"column":22},"end":{"line":21,"column":5}},"line":19},"6":{"name":"(anonymous_6)","decl":{"start":{"line":24,"column":16},"end":{"line":24,"column":17}},"loc":{"start":{"line":24,"column":22},"end":{"line":32,"column":1}},"line":24},"7":{"name":"(anonymous_7)","decl":{"start":{"line":24,"column":22},"end":{"line":24,"column":23}},"loc":{"start":{"line":24,"column":36},"end":{"line":32,"column":1}},"line":24},"8":{"name":"(anonymous_8)","decl":{"start":{"line":29,"column":10},"end":{"line":29,"column":11}},"loc":{"start":{"line":29,"column":22},"end":{"line":31,"column":5}},"line":29},"9":{"name":"(anonymous_9)","decl":{"start":{"line":34,"column":30},"end":{"line":34,"column":31}},"loc":{"start":{"line":34,"column":40},"end":{"line":42,"column":1}},"line":34},"10":{"name":"(anonymous_10)","decl":{"start":{"line":34,"column":40},"end":{"line":34,"column":41}},"loc":{"start":{"line":34,"column":54},"end":{"line":42,"column":1}},"line":34},"11":{"name":"(anonymous_11)","decl":{"start":{"line":39,"column":10},"end":{"line":39,"column":11}},"loc":{"start":{"line":39,"column":22},"end":{"line":41,"column":5}},"line":39},"12":{"name":"(anonymous_12)","decl":{"start":{"line":44,"column":30},"end":{"line":44,"column":31}},"loc":{"start":{"line":44,"column":36},"end":{"line":53,"column":1}},"line":44},"13":{"name":"(anonymous_13)","decl":{"start":{"line":44,"column":36},"end":{"line":44,"column":37}},"loc":{"start":{"line":44,"column":50},"end":{"line":53,"column":1}},"line":44},"14":{"name":"(anonymous_14)","decl":{"start":{"line":49,"column":10},"end":{"line":49,"column":11}},"loc":{"start":{"line":49,"column":22},"end":{"line":52,"column":5}},"line":49}},"branchMap":{},"s":{"0":2,"1":0,"2":0,"3":0,"4":2,"5":0,"6":0,"7":0,"8":0,"9":2,"10":0,"11":0,"12":0,"13":0,"14":2,"15":0,"16":0,"17":0,"18":0,"19":2,"20":0,"21":0,"22":0,"23":0,"24":0},"f":{"0":0,"1":0,"2":0,"3":0,"4":0,"5":0,"6":0,"7":0,"8":0,"9":0,"10":0,"11":0,"12":0,"13":0,"14":0},"b":{},"_coverageSchema":"43e27e138ebf9cfc5966b082cf9a028302ed4184","hash":"141c55d097bea7a9cdeb519917543b21164f6d94"}
,"/Users/andeladeveloper/Desktop/turing_test/src/client/actions/helper.js": {"path":"/Users/andeladeveloper/Desktop/turing_test/src/client/actions/helper.js","statementMap":{"0":{"start":{"line":1,"column":25},"end":{"line":4,"column":2}},"1":{"start":{"line":1,"column":44},"end":{"line":4,"column":1}},"2":{"start":{"line":6,"column":33},"end":{"line":9,"column":2}},"3":{"start":{"line":6,"column":57},"end":{"line":9,"column":1}},"4":{"start":{"line":11,"column":29},"end":{"line":14,"column":2}},"5":{"start":{"line":11,"column":47},"end":{"line":14,"column":1}}},"fnMap":{"0":{"name":"(anonymous_0)","decl":{"start":{"line":1,"column":25},"end":{"line":1,"column":26}},"loc":{"start":{"line":1,"column":44},"end":{"line":4,"column":1}},"line":1},"1":{"name":"(anonymous_1)","decl":{"start":{"line":6,"column":33},"end":{"line":6,"column":34}},"loc":{"start":{"line":6,"column":57},"end":{"line":9,"column":1}},"line":6},"2":{"name":"(anonymous_2)","decl":{"start":{"line":11,"column":29},"end":{"line":11,"column":30}},"loc":{"start":{"line":11,"column":47},"end":{"line":14,"column":1}},"line":11}},"branchMap":{},"s":{"0":2,"1":8,"2":2,"3":4,"4":2,"5":2},"f":{"0":8,"1":4,"2":2},"b":{},"_coverageSchema":"43e27e138ebf9cfc5966b082cf9a028302ed4184","hash":"3f97377267cbff2f8451501b23e3eaf963e55cbb"}
,"/Users/andeladeveloper/Desktop/turing_test/src/client/actions/product.js": {"path":"/Users/andeladeveloper/Desktop/turing_test/src/client/actions/product.js","statementMap":{"0":{"start":{"line":14,"column":19},"end":{"line":29,"column":1}},"1":{"start":{"line":14,"column":34},"end":{"line":29,"column":1}},"2":{"start":{"line":15,"column":2},"end":{"line":28,"column":6}},"3":{"start":{"line":19,"column":6},"end":{"line":19,"column":59}},"4":{"start":{"line":20,"column":6},"end":{"line":20,"column":55}},"5":{"start":{"line":23,"column":6},"end":{"line":26,"column":9}},"6":{"start":{"line":27,"column":6},"end":{"line":27,"column":30}},"7":{"start":{"line":31,"column":23},"end":{"line":39,"column":1}},"8":{"start":{"line":31,"column":32},"end":{"line":39,"column":1}},"9":{"start":{"line":32,"column":2},"end":{"line":38,"column":6}},"10":{"start":{"line":36,"column":6},"end":{"line":36,"column":45}},"11":{"start":{"line":37,"column":6},"end":{"line":37,"column":56}},"12":{"start":{"line":41,"column":18},"end":{"line":43,"column":1}},"13":{"start":{"line":41,"column":28},"end":{"line":43,"column":1}},"14":{"start":{"line":42,"column":2},"end":{"line":42,"column":54}}},"fnMap":{"0":{"name":"(anonymous_0)","decl":{"start":{"line":14,"column":19},"end":{"line":14,"column":20}},"loc":{"start":{"line":14,"column":34},"end":{"line":29,"column":1}},"line":14},"1":{"name":"(anonymous_1)","decl":{"start":{"line":14,"column":34},"end":{"line":14,"column":35}},"loc":{"start":{"line":15,"column":2},"end":{"line":28,"column":6}},"line":15},"2":{"name":"(anonymous_2)","decl":{"start":{"line":17,"column":10},"end":{"line":17,"column":11}},"loc":{"start":{"line":17,"column":22},"end":{"line":21,"column":5}},"line":17},"3":{"name":"(anonymous_3)","decl":{"start":{"line":22,"column":11},"end":{"line":22,"column":12}},"loc":{"start":{"line":22,"column":22},"end":{"line":28,"column":5}},"line":22},"4":{"name":"(anonymous_4)","decl":{"start":{"line":31,"column":23},"end":{"line":31,"column":24}},"loc":{"start":{"line":31,"column":32},"end":{"line":39,"column":1}},"line":31},"5":{"name":"(anonymous_5)","decl":{"start":{"line":31,"column":32},"end":{"line":31,"column":33}},"loc":{"start":{"line":32,"column":2},"end":{"line":38,"column":6}},"line":32},"6":{"name":"(anonymous_6)","decl":{"start":{"line":34,"column":10},"end":{"line":34,"column":11}},"loc":{"start":{"line":34,"column":22},"end":{"line":38,"column":5}},"line":34},"7":{"name":"(anonymous_7)","decl":{"start":{"line":41,"column":18},"end":{"line":41,"column":19}},"loc":{"start":{"line":41,"column":28},"end":{"line":43,"column":1}},"line":41},"8":{"name":"(anonymous_8)","decl":{"start":{"line":41,"column":28},"end":{"line":41,"column":29}},"loc":{"start":{"line":41,"column":42},"end":{"line":43,"column":1}},"line":41}},"branchMap":{},"s":{"0":1,"1":0,"2":0,"3":0,"4":0,"5":0,"6":0,"7":1,"8":0,"9":0,"10":0,"11":0,"12":1,"13":0,"14":0},"f":{"0":0,"1":0,"2":0,"3":0,"4":0,"5":0,"6":0,"7":0,"8":0},"b":{},"_coverageSchema":"43e27e138ebf9cfc5966b082cf9a028302ed4184","hash":"0ab7cd90debbccd4135b2d7b6e19a115c0ae2fd7"}
,"/Users/andeladeveloper/Desktop/turing_test/src/client/components/common/Footer/Footer.jsx": {"path":"/Users/andeladeveloper/Desktop/turing_test/src/client/components/common/Footer/Footer.jsx","statementMap":{"0":{"start":{"line":5,"column":2},"end":{"line":41,"column":4}}},"fnMap":{"0":{"name":"Footer","decl":{"start":{"line":4,"column":16},"end":{"line":4,"column":22}},"loc":{"start":{"line":4,"column":25},"end":{"line":42,"column":1}},"line":4}},"branchMap":{},"s":{"0":1},"f":{"0":1},"b":{},"_coverageSchema":"43e27e138ebf9cfc5966b082cf9a028302ed4184","hash":"5d0347405ca8759bf42b6e4f2a37cbeac68fe64e"}
,"/Users/andeladeveloper/Desktop/turing_test/src/client/components/common/Navbar/NavBar.jsx": {"path":"/Users/andeladeveloper/Desktop/turing_test/src/client/components/common/Navbar/NavBar.jsx","statementMap":{"0":{"start":{"line":9,"column":18},"end":{"line":16,"column":1}},"1":{"start":{"line":20,"column":4},"end":{"line":20,"column":12}},"2":{"start":{"line":21,"column":4},"end":{"line":23,"column":6}},"3":{"start":{"line":24,"column":4},"end":{"line":24,"column":45}},"4":{"start":{"line":25,"column":4},"end":{"line":25,"column":53}},"5":{"start":{"line":29,"column":4},"end":{"line":29,"column":27}},"6":{"start":{"line":30,"column":4},"end":{"line":30,"column":63}},"7":{"start":{"line":34,"column":4},"end":{"line":34,"column":27}},"8":{"start":{"line":36,"column":23},"end":{"line":36,"column":33}},"9":{"start":{"line":37,"column":26},"end":{"line":37,"column":36}},"10":{"start":{"line":38,"column":4},"end":{"line":38,"column":46}},"11":{"start":{"line":38,"column":28},"end":{"line":38,"column":46}},"12":{"start":{"line":39,"column":4},"end":{"line":39,"column":34}},"13":{"start":{"line":43,"column":23},"end":{"line":43,"column":33}},"14":{"start":{"line":44,"column":35},"end":{"line":44,"column":45}},"15":{"start":{"line":45,"column":22},"end":{"line":45,"column":33}},"16":{"start":{"line":47,"column":4},"end":{"line":98,"column":6}},"17":{"start":{"line":102,"column":0},"end":{"line":102,"column":29}},"18":{"start":{"line":104,"column":24},"end":{"line":109,"column":2}},"19":{"start":{"line":104,"column":34},"end":{"line":109,"column":1}}},"fnMap":{"0":{"name":"(anonymous_0)","decl":{"start":{"line":19,"column":2},"end":{"line":19,"column":3}},"loc":{"start":{"line":19,"column":16},"end":{"line":26,"column":3}},"line":19},"1":{"name":"(anonymous_1)","decl":{"start":{"line":28,"column":2},"end":{"line":28,"column":3}},"loc":{"start":{"line":28,"column":18},"end":{"line":31,"column":3}},"line":28},"2":{"name":"(anonymous_2)","decl":{"start":{"line":33,"column":2},"end":{"line":33,"column":3}},"loc":{"start":{"line":33,"column":22},"end":{"line":40,"column":3}},"line":33},"3":{"name":"(anonymous_3)","decl":{"start":{"line":42,"column":2},"end":{"line":42,"column":3}},"loc":{"start":{"line":42,"column":11},"end":{"line":99,"column":3}},"line":42},"4":{"name":"(anonymous_4)","decl":{"start":{"line":104,"column":24},"end":{"line":104,"column":25}},"loc":{"start":{"line":104,"column":34},"end":{"line":109,"column":1}},"line":104}},"branchMap":{"0":{"loc":{"start":{"line":38,"column":4},"end":{"line":38,"column":46}},"type":"if","locations":[{"start":{"line":38,"column":4},"end":{"line":38,"column":46}},{"start":{"line":38,"column":4},"end":{"line":38,"column":46}}],"line":38},"1":{"loc":{"start":{"line":73,"column":16},"end":{"line":73,"column":75}},"type":"binary-expr","locations":[{"start":{"line":73,"column":16},"end":{"line":73,"column":29}},{"start":{"line":73,"column":33},"end":{"line":73,"column":75}}],"line":73},"2":{"loc":{"start":{"line":76,"column":12},"end":{"line":94,"column":13}},"type":"cond-expr","locations":[{"start":{"line":78,"column":14},"end":{"line":83,"column":25}},{"start":{"line":86,"column":14},"end":{"line":93,"column":25}}],"line":76}},"s":{"0":1,"1":2,"2":2,"3":2,"4":2,"5":0,"6":0,"7":0,"8":0,"9":0,"10":0,"11":0,"12":0,"13":2,"14":2,"15":2,"16":2,"17":1,"18":1,"19":0},"f":{"0":2,"1":0,"2":0,"3":2,"4":0},"b":{"0":[0,0],"1":[2,0],"2":[1,1]},"_coverageSchema":"43e27e138ebf9cfc5966b082cf9a028302ed4184","hash":"1cdbb0fa1e7aff46ac99331eb7e087b17dd92fb8"}
,"/Users/andeladeveloper/Desktop/turing_test/src/client/reducers/user.js": {"path":"/Users/andeladeveloper/Desktop/turing_test/src/client/reducers/user.js","statementMap":{"0":{"start":{"line":8,"column":21},"end":{"line":11,"column":1}},"1":{"start":{"line":14,"column":2},"end":{"line":23,"column":3}},"2":{"start":{"line":18,"column":6},"end":{"line":18,"column":32}},"3":{"start":{"line":20,"column":6},"end":{"line":20,"column":37}},"4":{"start":{"line":22,"column":6},"end":{"line":22,"column":19}}},"fnMap":{"0":{"name":"userReducer","decl":{"start":{"line":13,"column":9},"end":{"line":13,"column":20}},"loc":{"start":{"line":13,"column":56},"end":{"line":24,"column":1}},"line":13}},"branchMap":{"0":{"loc":{"start":{"line":13,"column":21},"end":{"line":13,"column":41}},"type":"default-arg","locations":[{"start":{"line":13,"column":29},"end":{"line":13,"column":41}}],"line":13},"1":{"loc":{"start":{"line":13,"column":43},"end":{"line":13,"column":54}},"type":"default-arg","locations":[{"start":{"line":13,"column":52},"end":{"line":13,"column":54}}],"line":13},"2":{"loc":{"start":{"line":14,"column":2},"end":{"line":23,"column":3}},"type":"switch","locations":[{"start":{"line":15,"column":4},"end":{"line":15,"column":24}},{"start":{"line":16,"column":4},"end":{"line":16,"column":25}},{"start":{"line":17,"column":4},"end":{"line":18,"column":32}},{"start":{"line":19,"column":4},"end":{"line":20,"column":37}},{"start":{"line":21,"column":4},"end":{"line":22,"column":19}}],"line":14}},"s":{"0":1,"1":5,"2":3,"3":1,"4":1},"f":{"0":5},"b":{"0":[1],"1":[1],"2":[1,2,3,1,1]},"_coverageSchema":"43e27e138ebf9cfc5966b082cf9a028302ed4184","hash":"f3c1027916083c2813ee13c27ae749c830ae7a82"}
,"/Users/andeladeveloper/Desktop/turing_test/src/client/services/index.js": {"path":"/Users/andeladeveloper/Desktop/turing_test/src/client/services/index.js","statementMap":{"0":{"start":{"line":9,"column":32},"end":{"line":16,"column":1}},"1":{"start":{"line":11,"column":2},"end":{"line":13,"column":3}},"2":{"start":{"line":12,"column":4},"end":{"line":12,"column":23}},"3":{"start":{"line":15,"column":2},"end":{"line":15,"column":24}},"4":{"start":{"line":18,"column":24},"end":{"line":32,"column":1}},"5":{"start":{"line":19,"column":17},"end":{"line":19,"column":19}},"6":{"start":{"line":20,"column":2},"end":{"line":30,"column":5}},"7":{"start":{"line":21,"column":4},"end":{"line":23,"column":5}},"8":{"start":{"line":22,"column":6},"end":{"line":22,"column":65}},"9":{"start":{"line":24,"column":4},"end":{"line":26,"column":5}},"10":{"start":{"line":25,"column":6},"end":{"line":25,"column":41}},"11":{"start":{"line":27,"column":4},"end":{"line":29,"column":5}},"12":{"start":{"line":28,"column":6},"end":{"line":28,"column":45}},"13":{"start":{"line":31,"column":2},"end":{"line":31,"column":16}},"14":{"start":{"line":34,"column":28},"end":{"line":40,"column":1}},"15":{"start":{"line":35,"column":2},"end":{"line":39,"column":3}},"16":{"start":{"line":36,"column":4},"end":{"line":36,"column":56}},"17":{"start":{"line":38,"column":4},"end":{"line":38,"column":55}},"18":{"start":{"line":43,"column":2},"end":{"line":54,"column":3}},"19":{"start":{"line":44,"column":18},"end":{"line":44,"column":44}},"20":{"start":{"line":45,"column":25},"end":{"line":45,"column":62}},"21":{"start":{"line":46,"column":20},"end":{"line":46,"column":30}},"22":{"start":{"line":48,"column":4},"end":{"line":53,"column":5}},"23":{"start":{"line":49,"column":6},"end":{"line":49,"column":31}},"24":{"start":{"line":51,"column":6},"end":{"line":51,"column":26}},"25":{"start":{"line":52,"column":6},"end":{"line":52,"column":36}},"26":{"start":{"line":58,"column":2},"end":{"line":60,"column":3}},"27":{"start":{"line":59,"column":4},"end":{"line":59,"column":71}},"28":{"start":{"line":64,"column":2},"end":{"line":64,"column":28}},"29":{"start":{"line":67,"column":26},"end":{"line":71,"column":1}},"30":{"start":{"line":68,"column":2},"end":{"line":68,"column":19}},"31":{"start":{"line":69,"column":2},"end":{"line":69,"column":27}},"32":{"start":{"line":70,"column":2},"end":{"line":70,"column":23}}},"fnMap":{"0":{"name":"(anonymous_0)","decl":{"start":{"line":9,"column":32},"end":{"line":9,"column":33}},"loc":{"start":{"line":9,"column":43},"end":{"line":16,"column":1}},"line":9},"1":{"name":"(anonymous_1)","decl":{"start":{"line":18,"column":24},"end":{"line":18,"column":25}},"loc":{"start":{"line":18,"column":41},"end":{"line":32,"column":1}},"line":18},"2":{"name":"(anonymous_2)","decl":{"start":{"line":20,"column":38},"end":{"line":20,"column":39}},"loc":{"start":{"line":20,"column":56},"end":{"line":30,"column":3}},"line":20},"3":{"name":"(anonymous_3)","decl":{"start":{"line":34,"column":28},"end":{"line":34,"column":29}},"loc":{"start":{"line":34,"column":39},"end":{"line":40,"column":1}},"line":34},"4":{"name":"validateToken","decl":{"start":{"line":42,"column":9},"end":{"line":42,"column":22}},"loc":{"start":{"line":42,"column":30},"end":{"line":55,"column":1}},"line":42},"5":{"name":"initializeCart","decl":{"start":{"line":57,"column":9},"end":{"line":57,"column":23}},"loc":{"start":{"line":57,"column":26},"end":{"line":61,"column":1}},"line":57},"6":{"name":"initializeGetCart","decl":{"start":{"line":63,"column":9},"end":{"line":63,"column":26}},"loc":{"start":{"line":63,"column":34},"end":{"line":65,"column":1}},"line":63},"7":{"name":"(anonymous_7)","decl":{"start":{"line":67,"column":26},"end":{"line":67,"column":27}},"loc":{"start":{"line":67,"column":37},"end":{"line":71,"column":1}},"line":67}},"branchMap":{"0":{"loc":{"start":{"line":11,"column":2},"end":{"line":13,"column":3}},"type":"if","locations":[{"start":{"line":11,"column":2},"end":{"line":13,"column":3}},{"start":{"line":11,"column":2},"end":{"line":13,"column":3}}],"line":11},"1":{"loc":{"start":{"line":21,"column":4},"end":{"line":23,"column":5}},"type":"if","locations":[{"start":{"line":21,"column":4},"end":{"line":23,"column":5}},{"start":{"line":21,"column":4},"end":{"line":23,"column":5}}],"line":21},"2":{"loc":{"start":{"line":21,"column":8},"end":{"line":21,"column":37}},"type":"binary-expr","locations":[{"start":{"line":21,"column":8},"end":{"line":21,"column":14}},{"start":{"line":21,"column":18},"end":{"line":21,"column":37}}],"line":21},"3":{"loc":{"start":{"line":24,"column":4},"end":{"line":26,"column":5}},"type":"if","locations":[{"start":{"line":24,"column":4},"end":{"line":26,"column":5}},{"start":{"line":24,"column":4},"end":{"line":26,"column":5}}],"line":24},"4":{"loc":{"start":{"line":24,"column":8},"end":{"line":24,"column":52}},"type":"binary-expr","locations":[{"start":{"line":24,"column":8},"end":{"line":24,"column":23}},{"start":{"line":24,"column":27},"end":{"line":24,"column":52}}],"line":24},"5":{"loc":{"start":{"line":27,"column":4},"end":{"line":29,"column":5}},"type":"if","locations":[{"start":{"line":27,"column":4},"end":{"line":29,"column":5}},{"start":{"line":27,"column":4},"end":{"line":29,"column":5}}],"line":27},"6":{"loc":{"start":{"line":27,"column":8},"end":{"line":27,"column":67}},"type":"binary-expr","locations":[{"start":{"line":27,"column":8},"end":{"line":27,"column":33}},{"start":{"line":27,"column":37},"end":{"line":27,"column":67}}],"line":27},"7":{"loc":{"start":{"line":35,"column":2},"end":{"line":39,"column":3}},"type":"if","locations":[{"start":{"line":35,"column":2},"end":{"line":39,"column":3}},{"start":{"line":35,"column":2},"end":{"line":39,"column":3}}],"line":35},"8":{"loc":{"start":{"line":43,"column":2},"end":{"line":54,"column":3}},"type":"if","locations":[{"start":{"line":43,"column":2},"end":{"line":54,"column":3}},{"start":{"line":43,"column":2},"end":{"line":54,"column":3}}],"line":43},"9":{"loc":{"start":{"line":48,"column":4},"end":{"line":53,"column":5}},"type":"if","locations":[{"start":{"line":48,"column":4},"end":{"line":53,"column":5}},{"start":{"line":48,"column":4},"end":{"line":53,"column":5}}],"line":48},"10":{"loc":{"start":{"line":58,"column":2},"end":{"line":60,"column":3}},"type":"if","locations":[{"start":{"line":58,"column":2},"end":{"line":60,"column":3}},{"start":{"line":58,"column":2},"end":{"line":60,"column":3}}],"line":58}},"s":{"0":2,"1":2,"2":2,"3":0,"4":2,"5":0,"6":0,"7":0,"8":0,"9":0,"10":0,"11":0,"12":0,"13":0,"14":2,"15":3,"16":2,"17":1,"18":0,"19":0,"20":0,"21":0,"22":0,"23":0,"24":0,"25":0,"26":0,"27":0,"28":0,"29":2,"30":0,"31":0,"32":0},"f":{"0":2,"1":0,"2":0,"3":3,"4":0,"5":0,"6":0,"7":0},"b":{"0":[2,0],"1":[0,0],"2":[0,0],"3":[0,0],"4":[0,0],"5":[0,0],"6":[0,0],"7":[2,1],"8":[0,0],"9":[0,0],"10":[0,0]},"_coverageSchema":"43e27e138ebf9cfc5966b082cf9a028302ed4184","hash":"3732f2817b18a0cd2acc2e03a4ebcf11faa6b835"}
}
