TN:
SF:/Users/andeladeveloper/Desktop/turing_test/src/client/api.js
FN:7,(anonymous_0)
FN:11,(anonymous_1)
FN:13,(anonymous_2)
FN:17,(anonymous_3)
FN:19,(anonymous_4)
FN:20,(anonymous_5)
FN:23,(anonymous_6)
FN:24,(anonymous_7)
FN:26,(anonymous_8)
FN:27,(anonymous_9)
FN:30,(anonymous_10)
FN:31,(anonymous_11)
FN:34,(anonymous_12)
FN:35,(anonymous_13)
FN:38,(anonymous_14)
FN:42,(anonymous_15)
FN:45,(anonymous_16)
FN:46,(anonymous_17)
FN:49,(anonymous_18)
FN:53,(anonymous_19)
FN:55,(anonymous_20)
FN:56,(anonymous_21)
FN:58,(anonymous_22)
FN:62,(anonymous_23)
FN:64,(anonymous_24)
FN:65,(anonymous_25)
FN:67,(anonymous_26)
FN:68,(anonymous_27)
FNF:28
FNH:6
FNDA:2,(anonymous_0)
FNDA:1,(anonymous_1)
FNDA:2,(anonymous_2)
FNDA:1,(anonymous_3)
FNDA:1,(anonymous_4)
FNDA:1,(anonymous_5)
FNDA:0,(anonymous_6)
FNDA:0,(anonymous_7)
FNDA:0,(anonymous_8)
FNDA:0,(anonymous_9)
FNDA:0,(anonymous_10)
FNDA:0,(anonymous_11)
FNDA:0,(anonymous_12)
FNDA:0,(anonymous_13)
FNDA:0,(anonymous_14)
FNDA:0,(anonymous_15)
FNDA:0,(anonymous_16)
FNDA:0,(anonymous_17)
FNDA:0,(anonymous_18)
FNDA:0,(anonymous_19)
FNDA:0,(anonymous_20)
FNDA:0,(anonymous_21)
FNDA:0,(anonymous_22)
FNDA:0,(anonymous_23)
FNDA:0,(anonymous_24)
FNDA:0,(anonymous_25)
FNDA:0,(anonymous_26)
FNDA:0,(anonymous_27)
DA:3,2
DA:7,2
DA:11,1
DA:13,2
DA:17,1
DA:19,1
DA:20,1
DA:23,0
DA:24,0
DA:26,0
DA:27,0
DA:30,0
DA:31,0
DA:34,0
DA:35,0
DA:38,0
DA:42,0
DA:45,0
DA:46,0
DA:49,0
DA:53,0
DA:55,0
DA:56,0
DA:58,0
DA:62,0
DA:64,0
DA:65,0
DA:67,0
DA:68,0
LF:29
LH:7
BRF:0
BRH:0
end_of_record
TN:
SF:/Users/andeladeveloper/Desktop/turing_test/src/client/constants.js
FNF:0
FNH:0
DA:1,3
DA:2,3
DA:3,3
DA:4,3
DA:5,3
DA:6,3
DA:7,3
DA:8,3
DA:9,3
DA:10,3
DA:11,3
DA:12,3
DA:13,3
DA:14,3
LF:14
LH:14
BRF:0
BRH:0
end_of_record
TN:
SF:/Users/andeladeveloper/Desktop/turing_test/src/client/actions/auth.js
FN:19,(anonymous_0)
FN:19,(anonymous_1)
FN:24,(anonymous_2)
FN:32,(anonymous_3)
FN:38,(anonymous_4)
FN:38,(anonymous_5)
FN:43,(anonymous_6)
FN:51,(anonymous_7)
FN:57,(anonymous_8)
FN:57,(anonymous_9)
FN:60,(anonymous_10)
FN:65,(anonymous_11)
FN:65,(anonymous_12)
FNF:13
FNH:13
FNDA:2,(anonymous_0)
FNDA:2,(anonymous_1)
FNDA:1,(anonymous_2)
FNDA:1,(anonymous_3)
FNDA:2,(anonymous_4)
FNDA:2,(anonymous_5)
FNDA:1,(anonymous_6)
FNDA:1,(anonymous_7)
FNDA:1,(anonymous_8)
FNDA:1,(anonymous_9)
FNDA:1,(anonymous_10)
FNDA:1,(anonymous_11)
FNDA:1,(anonymous_12)
DA:19,2
DA:20,2
DA:22,2
DA:25,1
DA:26,1
DA:27,1
DA:28,1
DA:29,1
DA:30,1
DA:33,1
DA:34,1
DA:38,2
DA:39,2
DA:41,2
DA:44,1
DA:45,1
DA:46,1
DA:47,1
DA:48,1
DA:49,1
DA:52,1
DA:53,1
DA:57,2
DA:58,1
DA:61,1
DA:65,2
DA:66,1
DA:67,1
DA:68,1
LF:29
LH:29
BRF:0
BRH:0
end_of_record
TN:
SF:/Users/andeladeveloper/Desktop/turing_test/src/client/actions/cart.js
FN:6,(anonymous_0)
FN:6,(anonymous_1)
FN:9,(anonymous_2)
FN:14,(anonymous_3)
FN:14,(anonymous_4)
FN:19,(anonymous_5)
FN:24,(anonymous_6)
FN:24,(anonymous_7)
FN:29,(anonymous_8)
FN:34,(anonymous_9)
FN:34,(anonymous_10)
FN:39,(anonymous_11)
FN:44,(anonymous_12)
FN:44,(anonymous_13)
FN:49,(anonymous_14)
FNF:15
FNH:0
FNDA:0,(anonymous_0)
FNDA:0,(anonymous_1)
FNDA:0,(anonymous_2)
FNDA:0,(anonymous_3)
FNDA:0,(anonymous_4)
FNDA:0,(anonymous_5)
FNDA:0,(anonymous_6)
FNDA:0,(anonymous_7)
FNDA:0,(anonymous_8)
FNDA:0,(anonymous_9)
FNDA:0,(anonymous_10)
FNDA:0,(anonymous_11)
FNDA:0,(anonymous_12)
FNDA:0,(anonymous_13)
FNDA:0,(anonymous_14)
DA:6,2
DA:7,0
DA:10,0
DA:14,2
DA:15,0
DA:17,0
DA:20,0
DA:24,2
DA:25,0
DA:27,0
DA:30,0
DA:34,2
DA:35,0
DA:37,0
DA:40,0
DA:44,2
DA:45,0
DA:47,0
DA:50,0
DA:51,0
LF:20
LH:5
BRF:0
BRH:0
end_of_record
TN:
SF:/Users/andeladeveloper/Desktop/turing_test/src/client/actions/helper.js
FN:1,(anonymous_0)
FN:6,(anonymous_1)
FN:11,(anonymous_2)
FNF:3
FNH:3
FNDA:8,(anonymous_0)
FNDA:4,(anonymous_1)
FNDA:2,(anonymous_2)
DA:1,8
DA:6,4
DA:11,2
LF:3
LH:3
BRF:0
BRH:0
end_of_record
TN:
SF:/Users/andeladeveloper/Desktop/turing_test/src/client/actions/product.js
FN:14,(anonymous_0)
FN:14,(anonymous_1)
FN:17,(anonymous_2)
FN:22,(anonymous_3)
FN:31,(anonymous_4)
FN:31,(anonymous_5)
FN:34,(anonymous_6)
FN:41,(anonymous_7)
FN:41,(anonymous_8)
FNF:9
FNH:0
FNDA:0,(anonymous_0)
FNDA:0,(anonymous_1)
FNDA:0,(anonymous_2)
FNDA:0,(anonymous_3)
FNDA:0,(anonymous_4)
FNDA:0,(anonymous_5)
FNDA:0,(anonymous_6)
FNDA:0,(anonymous_7)
FNDA:0,(anonymous_8)
DA:14,1
DA:15,0
DA:19,0
DA:20,0
DA:23,0
DA:27,0
DA:31,1
DA:32,0
DA:36,0
DA:37,0
DA:41,1
DA:42,0
LF:12
LH:3
BRF:0
BRH:0
end_of_record
TN:
SF:/Users/andeladeveloper/Desktop/turing_test/src/client/components/common/Footer/Footer.jsx
FN:4,Footer
FNF:1
FNH:1
FNDA:1,Footer
DA:5,1
LF:1
LH:1
BRF:0
BRH:0
end_of_record
TN:
SF:/Users/andeladeveloper/Desktop/turing_test/src/client/components/common/Navbar/NavBar.jsx
FN:19,(anonymous_0)
FN:28,(anonymous_1)
FN:33,(anonymous_2)
FN:42,(anonymous_3)
FN:104,(anonymous_4)
FNF:5
FNH:2
FNDA:2,(anonymous_0)
FNDA:0,(anonymous_1)
FNDA:0,(anonymous_2)
FNDA:2,(anonymous_3)
FNDA:0,(anonymous_4)
DA:9,1
DA:20,2
DA:21,2
DA:24,2
DA:25,2
DA:29,0
DA:30,0
DA:34,0
DA:36,0
DA:37,0
DA:38,0
DA:39,0
DA:43,2
DA:44,2
DA:45,2
DA:47,2
DA:102,1
DA:104,1
LF:18
LH:11
BRDA:38,0,0,0
BRDA:38,0,1,0
BRDA:73,1,0,2
BRDA:73,1,1,0
BRDA:76,2,0,1
BRDA:76,2,1,1
BRF:6
BRH:3
end_of_record
TN:
SF:/Users/andeladeveloper/Desktop/turing_test/src/client/reducers/user.js
FN:13,userReducer
FNF:1
FNH:1
FNDA:5,userReducer
DA:8,1
DA:14,5
DA:18,3
DA:20,1
DA:22,1
LF:5
LH:5
BRDA:13,0,0,1
BRDA:13,1,0,1
BRDA:14,2,0,1
BRDA:14,2,1,2
BRDA:14,2,2,3
BRDA:14,2,3,1
BRDA:14,2,4,1
BRF:7
BRH:7
end_of_record
TN:
SF:/Users/andeladeveloper/Desktop/turing_test/src/client/services/index.js
FN:9,(anonymous_0)
FN:18,(anonymous_1)
FN:20,(anonymous_2)
FN:34,(anonymous_3)
FN:42,validateToken
FN:57,initializeCart
FN:63,initializeGetCart
FN:67,(anonymous_7)
FNF:8
FNH:2
FNDA:2,(anonymous_0)
FNDA:0,(anonymous_1)
FNDA:0,(anonymous_2)
FNDA:3,(anonymous_3)
FNDA:0,validateToken
FNDA:0,initializeCart
FNDA:0,initializeGetCart
FNDA:0,(anonymous_7)
DA:9,2
DA:11,2
DA:12,2
DA:15,0
DA:18,2
DA:19,0
DA:20,0
DA:21,0
DA:22,0
DA:24,0
DA:25,0
DA:27,0
DA:28,0
DA:31,0
DA:34,2
DA:35,3
DA:36,2
DA:38,1
DA:43,0
DA:44,0
DA:45,0
DA:46,0
DA:48,0
DA:49,0
DA:51,0
DA:52,0
DA:58,0
DA:59,0
DA:64,0
DA:67,2
DA:68,0
DA:69,0
DA:70,0
LF:33
LH:9
BRDA:11,0,0,2
BRDA:11,0,1,0
BRDA:21,1,0,0
BRDA:21,1,1,0
BRDA:21,2,0,0
BRDA:21,2,1,0
BRDA:24,3,0,0
BRDA:24,3,1,0
BRDA:24,4,0,0
BRDA:24,4,1,0
BRDA:27,5,0,0
BRDA:27,5,1,0
BRDA:27,6,0,0
BRDA:27,6,1,0
BRDA:35,7,0,2
BRDA:35,7,1,1
BRDA:43,8,0,0
BRDA:43,8,1,0
BRDA:48,9,0,0
BRDA:48,9,1,0
BRDA:58,10,0,0
BRDA:58,10,1,0
BRF:22
BRH:3
end_of_record
